# Guerrilla Mail
sharklasers.com
guerrillamail.info
grr.la
guerrillamail.biz
guerrillamail.com
guerrillamail.de
guerrillamail.net
guerrillamail.org
guerrillamailblock.com
spam4.me


yopmail.netmailnesia.com

mailinator.com

# Airmail
thrma.com
zetmail.com
anappthat.com
eelmail.com
tafmail.com
grandmamail.com
abyssmail.com
boximail.com
6paq.com
getairmail.com

# TempMail
dlemail.ru
flemail.ru
walkmail.ru
shotmail.ru

# YopMail
yopmail.fr
cool.fr.nf
jetable.fr.nf
nospam.ze.tc
nomail.xl.cx
mega.zik.dj
speed.1s.fr
courriel.fr.nf
moncourrier.fr.nf
monemail.fr.nf
monmail.fr.nf
